<?xml version="1.0" encoding="UTF-8"?>
<!-- Generated by org.testng.reporters.JUnitReportReporter -->
<testsuite hostname="DESKTOP-M54PCD3" name="com.heka.TestCases.SignupTest_NegativeTest" tests="1" failures="0" timestamp="28 Jun 2019 13:36:43 GMT" time="34.165" errors="0">
  <testcase name="signUp_NegativeTest" time="34.165" classname="com.heka.TestCases.SignupTest_NegativeTest"/>
</testsuite> <!-- com.heka.TestCases.SignupTest_NegativeTest -->
