<?xml version="1.0" encoding="UTF-8"?>
<!-- Generated by org.testng.reporters.JUnitReportReporter -->
<testsuite hostname="DESKTOP-M54PCD3" name="Dashboard_Tests.Login_With_Single_User_Test2222" tests="1" failures="0" timestamp="15 Sep 2019 11:26:13 GMT" time="38.207" errors="0">
  <testcase name="login_With_Valid_Mobile_Number" time="38.207" classname="Dashboard_Tests.Login_With_Single_User_Test2222"/>
</testsuite> <!-- Dashboard_Tests.Login_With_Single_User_Test2222 -->
