<?xml version="1.0" encoding="UTF-8"?>
<!-- Generated by org.testng.reporters.JUnitReportReporter -->
<testsuite hostname="DESKTOP-M54PCD3" name="Dashboard_Tests.Login_Test" tests="1" failures="0" timestamp="4 Sep 2019 10:02:17 GMT" time="26.637" errors="0">
  <testcase name="login_With_Valid_Mobile_Number" time="26.637" classname="Dashboard_Tests.Login_Test"/>
</testsuite> <!-- Dashboard_Tests.Login_Test -->
