<?xml version="1.0" encoding="UTF-8"?>
<!-- Generated by org.testng.reporters.JUnitReportReporter -->
<testsuite hostname="DESKTOP-M54PCD3" name="com.heka.TestCases.LoginDataDrivenTest" tests="3" failures="0" timestamp="5 Aug 2019 09:07:16 GMT" time="55.122" errors="0">
  <testcase name="loginDataDriven" time="30.877" classname="com.heka.TestCases.LoginDataDrivenTest"/>
  <testcase name="loginDataDriven" time="11.739" classname="com.heka.TestCases.LoginDataDrivenTest"/>
  <testcase name="loginDataDriven" time="12.506" classname="com.heka.TestCases.LoginDataDrivenTest"/>
</testsuite> <!-- com.heka.TestCases.LoginDataDrivenTest -->
