<?xml version="1.0" encoding="UTF-8"?>
<!-- Generated by org.testng.reporters.JUnitReportReporter -->
<testsuite hostname="DESKTOP-M54PCD3" name="com.heka.PageObjects.Jhalak" tests="1" failures="0" timestamp="24 Aug 2019 14:26:25 GMT" time="166.343" errors="0">
  <testcase name="selectDropdown" time="166.343" classname="com.heka.PageObjects.Jhalak"/>
</testsuite> <!-- com.heka.PageObjects.Jhalak -->
