<?xml version="1.0" encoding="UTF-8"?>
<!-- Generated by org.testng.reporters.JUnitReportReporter -->
<testsuite hostname="DESKTOP-M54PCD3" name="Dashboard_Tests.Tabs_Navigation_Test" tests="1" failures="0" timestamp="16 Sep 2019 11:17:03 GMT" time="88.510" errors="0">
  <testcase name="tabsNavigation" time="88.510" classname="Dashboard_Tests.Tabs_Navigation_Test"/>
</testsuite> <!-- Dashboard_Tests.Tabs_Navigation_Test -->
