<?xml version="1.0" encoding="UTF-8"?>
<!-- Generated by org.testng.reporters.JUnitReportReporter -->
<testsuite hostname="DESKTOP-M54PCD3" name="Dashboard_Tests.Forgot_Password_Test" tests="1" failures="0" timestamp="4 Sep 2019 09:47:55 GMT" time="75.550" errors="0">
  <testcase name="forgot_Password" time="75.550" classname="Dashboard_Tests.Forgot_Password_Test"/>
</testsuite> <!-- Dashboard_Tests.Forgot_Password_Test -->
