<?xml version="1.0" encoding="UTF-8"?>
<!-- Generated by org.testng.reporters.JUnitReportReporter -->
<testsuite hostname="DESKTOP-M54PCD3" name="com.heka.TestCases.Resend_OTP" tests="1" failures="0" timestamp="15 Jul 2019 19:25:23 GMT" time="55.586" errors="0">
  <testcase name="resend_OTP" time="55.586" classname="com.heka.TestCases.Resend_OTP"/>
</testsuite> <!-- com.heka.TestCases.Resend_OTP -->
