<?xml version="1.0" encoding="UTF-8"?>
<!-- Generated by org.testng.reporters.JUnitReportReporter -->
<testsuite hostname="DESKTOP-M54PCD3" name="com.heka.TestCases.LoginTest2" tests="1" failures="0" timestamp="28 Jun 2019 12:39:20 GMT" time="31.182" errors="0">
  <testcase name="Login" time="31.182" classname="com.heka.TestCases.LoginTest2"/>
</testsuite> <!-- com.heka.TestCases.LoginTest2 -->
