<?xml version="1.0" encoding="UTF-8"?>
<!-- Generated by org.testng.reporters.JUnitReportReporter -->
<testsuite hostname="DESKTOP-M54PCD3" name="com.heka.TestCases.Login_PositiveTest" tests="1" failures="0" timestamp="5 Aug 2019 09:04:08 GMT" time="29.616" errors="0">
  <testcase name="login_With_Valid_Mobile_Number" time="29.616" classname="com.heka.TestCases.Login_PositiveTest"/>
</testsuite> <!-- com.heka.TestCases.Login_PositiveTest -->
