<?xml version="1.0" encoding="UTF-8"?>
<!-- Generated by org.testng.reporters.JUnitReportReporter -->
<testsuite hostname="DESKTOP-M54PCD3" name="com.heka.TestCases.CreateApptSchedulesTest" tests="1" failures="0" timestamp="6 Aug 2019 10:08:46 GMT" time="57.715" errors="0">
  <testcase name="createAppointmentSchedule" time="57.715" classname="com.heka.TestCases.CreateApptSchedulesTest"/>
</testsuite> <!-- com.heka.TestCases.CreateApptSchedulesTest -->
