<?xml version="1.0" encoding="UTF-8"?>
<!-- Generated by org.testng.reporters.JUnitReportReporter -->
<testsuite hostname="DESKTOP-M54PCD3" name="Schedules_Tests.Edit_Appt_Schedule_Test" tests="1" failures="0" timestamp="10 Sep 2019 08:15:58 GMT" time="39.950" errors="0">
  <testcase name="edit_Appt_Schedule" time="39.950" classname="Schedules_Tests.Edit_Appt_Schedule_Test"/>
</testsuite> <!-- Schedules_Tests.Edit_Appt_Schedule_Test -->
