<?xml version="1.0" encoding="UTF-8"?>
<!-- Generated by org.testng.reporters.JUnitReportReporter -->
<testsuite hostname="DESKTOP-M54PCD3" name="Dashboard_Tests.Login_With_Single_User_Test" tests="1" failures="0" timestamp="16 Sep 2019 10:57:14 GMT" time="39.829" errors="0">
  <testcase name="login_With_Valid_Mobile_Number" time="39.829" classname="Dashboard_Tests.Login_With_Single_User_Test"/>
</testsuite> <!-- Dashboard_Tests.Login_With_Single_User_Test -->
