<?xml version="1.0" encoding="UTF-8"?>
<!-- Generated by org.testng.reporters.JUnitReportReporter -->
<testsuite hostname="DESKTOP-M54PCD3" name="com.heka.TestCases.MedicalHistoryEditTest" tests="1" failures="0" timestamp="5 Aug 2019 09:16:38 GMT" time="49.614" errors="0">
  <testcase name="patient_Medical_History_Edit" time="49.614" classname="com.heka.TestCases.MedicalHistoryEditTest"/>
</testsuite> <!-- com.heka.TestCases.MedicalHistoryEditTest -->
