<?xml version="1.0" encoding="UTF-8"?>
<!-- Generated by org.testng.reporters.JUnitReportReporter -->
<testsuite hostname="DESKTOP-M54PCD3" name="Dashboard_Tests.Forgot_Password_Negative_Test" tests="1" failures="0" timestamp="16 Sep 2019 10:51:55 GMT" time="63.842" errors="0">
  <testcase name="forgot_Password" time="63.842" classname="Dashboard_Tests.Forgot_Password_Negative_Test"/>
</testsuite> <!-- Dashboard_Tests.Forgot_Password_Negative_Test -->
