<?xml version="1.0" encoding="UTF-8"?>
<!-- Generated by org.testng.reporters.JUnitReportReporter -->
<testsuite hostname="DESKTOP-M54PCD3" name="Schedules_Tests.Create_Appt_Schedules_Test" tests="1" failures="0" timestamp="10 Sep 2019 08:15:58 GMT" time="58.488" errors="0">
  <testcase name="createAppointmentSchedule" time="58.488" classname="Schedules_Tests.Create_Appt_Schedules_Test"/>
</testsuite> <!-- Schedules_Tests.Create_Appt_Schedules_Test -->
