<?xml version="1.0" encoding="UTF-8"?>
<!-- Generated by org.testng.reporters.JUnitReportReporter -->
<testsuite hostname="DESKTOP-M54PCD3" name="com.heka.TestCases.PatientMedicationLogTest" tests="1" failures="0" timestamp="5 Aug 2019 09:58:57 GMT" time="31.168" errors="0">
  <testcase name="patient_Medication_Log" time="31.168" classname="com.heka.TestCases.PatientMedicationLogTest"/>
</testsuite> <!-- com.heka.TestCases.PatientMedicationLogTest -->
