<?xml version="1.0" encoding="UTF-8"?>
<!-- Generated by org.testng.reporters.JUnitReportReporter -->
<testsuite hostname="DESKTOP-M54PCD3" name="com.heka.TestCases.Signup_NegativeTest" tests="1" failures="0" timestamp="5 Aug 2019 10:48:41 GMT" time="23.343" errors="0">
  <testcase name="signUp_NegativeTest" time="23.343" classname="com.heka.TestCases.Signup_NegativeTest"/>
</testsuite> <!-- com.heka.TestCases.Signup_NegativeTest -->
