<?xml version="1.0" encoding="UTF-8"?>
<!-- Generated by org.testng.reporters.JUnitReportReporter -->
<testsuite hostname="DESKTOP-M54PCD3" name="com.heka.TestCases.TrackMyPatients_InstanceMessage" tests="1" failures="0" timestamp="5 Aug 2019 12:08:44 GMT" time="30.267" errors="0">
  <testcase name="sendingInstanceMessageToPatient" time="30.267" classname="com.heka.TestCases.TrackMyPatients_InstanceMessage"/>
</testsuite> <!-- com.heka.TestCases.TrackMyPatients_InstanceMessage -->
