<?xml version="1.0" encoding="UTF-8"?>
<!-- Generated by org.testng.reporters.JUnitReportReporter -->
<testsuite hostname="DESKTOP-M54PCD3" name="Dashboard_Tests.Login_DataDriven_Through_DataProvider_Test" tests="3" failures="0" timestamp="16 Sep 2019 10:53:22 GMT" time="25.899" errors="0">
  <testcase name="loginDataDriven" time="16.488" classname="Dashboard_Tests.Login_DataDriven_Through_DataProvider_Test"/>
  <testcase name="loginDataDriven" time="4.732" classname="Dashboard_Tests.Login_DataDriven_Through_DataProvider_Test"/>
  <testcase name="loginDataDriven" time="4.679" classname="Dashboard_Tests.Login_DataDriven_Through_DataProvider_Test"/>
</testsuite> <!-- Dashboard_Tests.Login_DataDriven_Through_DataProvider_Test -->
