<?xml version="1.0" encoding="UTF-8"?>
<!-- Generated by org.testng.reporters.JUnitReportReporter -->
<testsuite hostname="DESKTOP-M54PCD3" name="com.heka.TestCases.Login_NegativeTest" tests="1" failures="0" timestamp="5 Aug 2019 08:57:38 GMT" time="40.433" errors="0">
  <testcase name="login_With_Invalid_Mobile_Number" time="40.433" classname="com.heka.TestCases.Login_NegativeTest"/>
</testsuite> <!-- com.heka.TestCases.Login_NegativeTest -->
