<?xml version="1.0" encoding="UTF-8"?>
<!-- Generated by org.testng.reporters.JUnitReportReporter -->
<testsuite hostname="DESKTOP-M54PCD3" name="com.heka.TestCases.DeleteApptScheduleTest" tests="1" failures="0" timestamp="4 Aug 2019 17:14:11 GMT" time="83.952" errors="0">
  <testcase name="deleteApptSchedule" time="83.952" classname="com.heka.TestCases.DeleteApptScheduleTest"/>
</testsuite> <!-- com.heka.TestCases.DeleteApptScheduleTest -->
