<?xml version="1.0" encoding="UTF-8"?>
<!-- Generated by org.testng.reporters.JUnitReportReporter -->
<testsuite hostname="DESKTOP-M54PCD3" name="com.heka.TestCases.LoginTest_Negative" tests="1" failures="0" timestamp="30 Jun 2019 13:00:14 GMT" time="27.325" errors="0">
  <testcase name="Login" time="27.325" classname="com.heka.TestCases.LoginTest_Negative"/>
</testsuite> <!-- com.heka.TestCases.LoginTest_Negative -->
