<?xml version="1.0" encoding="UTF-8"?>
<!-- Generated by org.testng.reporters.JUnitReportReporter -->
<testsuite hostname="DESKTOP-M54PCD3" name="Admin_Tests.Create_Challenge_Test" tests="1" failures="0" timestamp="16 Sep 2019 07:28:54 GMT" time="70.662" errors="0">
  <testcase name="create_Challenge" time="70.662" classname="Admin_Tests.Create_Challenge_Test"/>
</testsuite> <!-- Admin_Tests.Create_Challenge_Test -->
