<?xml version="1.0" encoding="UTF-8"?>
<!-- Generated by org.testng.reporters.JUnitReportReporter -->
<testsuite hostname="DESKTOP-M54PCD3" name="Schedules_Tests.Delete_Appt_Schedule_Test" tests="1" failures="0" timestamp="10 Sep 2019 08:15:58 GMT" time="60.622" errors="0">
  <testcase name="deleteApptSchedule" time="60.622" classname="Schedules_Tests.Delete_Appt_Schedule_Test"/>
</testsuite> <!-- Schedules_Tests.Delete_Appt_Schedule_Test -->
