<?xml version="1.0" encoding="UTF-8"?>
<!-- Generated by org.testng.reporters.JUnitReportReporter -->
<testsuite hostname="DESKTOP-M54PCD3" name="com.heka.TestCases.LoginTest_NegativeTest" tests="1" failures="0" timestamp="29 Jun 2019 20:49:08 GMT" time="27.025" errors="0">
  <testcase name="Login" time="27.025" classname="com.heka.TestCases.LoginTest_NegativeTest"/>
</testsuite> <!-- com.heka.TestCases.LoginTest_NegativeTest -->
