<?xml version="1.0" encoding="UTF-8"?>
<!-- Generated by org.testng.reporters.JUnitReportReporter -->
<testsuite hostname="DESKTOP-M54PCD3" name="Admin_Tests.Delete_Challenge_Test" tests="1" failures="0" timestamp="16 Sep 2019 07:28:54 GMT" time="30.630" errors="1">
  <testcase name="delete_Challenge" time="30.630" classname="Admin_Tests.Delete_Challenge_Test">
    <error type="org.testng.SkipException" message="Skipping the test, will be executed as individual test">
      <![CDATA[org.testng.SkipException: Skipping the test, will be executed as individual test
	at Admin_Tests.Delete_Challenge_Test.delete_Challenge(Delete_Challenge_Test.java:32)
	at sun.reflect.NativeMethodAccessorImpl.invoke0(Native Method)
	at sun.reflect.NativeMethodAccessorImpl.invoke(NativeMethodAccessorImpl.java:62)
	at sun.reflect.DelegatingMethodAccessorImpl.invoke(DelegatingMethodAccessorImpl.java:43)
	at java.lang.reflect.Method.invoke(Method.java:498)
	at org.testng.internal.MethodInvocationHelper.invokeMethod(MethodInvocationHelper.java:86)
	at org.testng.internal.InvokeMethodRunnable.runOne(InvokeMethodRunnable.java:54)
	at org.testng.internal.InvokeMethodRunnable.run(InvokeMethodRunnable.java:44)
	at java.util.concurrent.Executors$RunnableAdapter.call(Executors.java:511)
	at java.util.concurrent.FutureTask.run(FutureTask.java:266)
	at java.util.concurrent.ThreadPoolExecutor.runWorker(ThreadPoolExecutor.java:1149)
	at java.util.concurrent.ThreadPoolExecutor$Worker.run(ThreadPoolExecutor.java:624)
	at java.lang.Thread.run(Thread.java:748)
]]>
    </error>
  </testcase> <!-- delete_Challenge -->
</testsuite> <!-- Admin_Tests.Delete_Challenge_Test -->
