<?xml version="1.0" encoding="UTF-8"?>
<!-- Generated by org.testng.reporters.JUnitReportReporter -->
<testsuite hostname="DESKTOP-M54PCD3" name="Dashboard_Tests.Login_Negative_Test" tests="1" failures="0" timestamp="16 Sep 2019 10:54:28 GMT" time="27.779" errors="0">
  <testcase name="login_With_Invalid_Mobile_Number" time="27.779" classname="Dashboard_Tests.Login_Negative_Test"/>
</testsuite> <!-- Dashboard_Tests.Login_Negative_Test -->
