<?xml version="1.0" encoding="UTF-8"?>
<!-- Generated by org.testng.reporters.JUnitReportReporter -->
<testsuite hostname="DESKTOP-M54PCD3" name="com.heka.TestCases.FoodLogTest" tests="1" failures="0" timestamp="4 Aug 2019 20:01:36 GMT" time="47.796" errors="0">
  <testcase name="food_Log" time="47.796" classname="com.heka.TestCases.FoodLogTest"/>
</testsuite> <!-- com.heka.TestCases.FoodLogTest -->
