<?xml version="1.0" encoding="UTF-8"?>
<!-- Generated by org.testng.reporters.JUnitReportReporter -->
<testsuite hostname="DESKTOP-M54PCD3" name="Dashboard_TestCases.Login_Test" tests="1" failures="0" timestamp="4 Sep 2019 07:48:18 GMT" time="27.043" errors="0">
  <testcase name="login_With_Valid_Mobile_Number" time="27.043" classname="Dashboard_TestCases.Login_Test"/>
</testsuite> <!-- Dashboard_TestCases.Login_Test -->
