<?xml version="1.0" encoding="UTF-8"?>
<!-- Generated by org.testng.reporters.JUnitReportReporter -->
<testsuite hostname="DESKTOP-M54PCD3" name="com.heka.TestCases.ViewPatientDetails_1Month" tests="1" failures="0" timestamp="5 Aug 2019 12:17:33 GMT" time="28.798" errors="0">
  <testcase name="viewPatientOneWeekData" time="28.798" classname="com.heka.TestCases.ViewPatientDetails_1Month"/>
</testsuite> <!-- com.heka.TestCases.ViewPatientDetails_1Month -->
