<?xml version="1.0" encoding="UTF-8"?>
<!-- Generated by org.testng.reporters.JUnitReportReporter -->
<testsuite hostname="DESKTOP-M54PCD3" name="com.heka.TestCases.ForgotPasswordTest" tests="1" failures="0" timestamp="4 Aug 2019 20:21:44 GMT" time="60.411" errors="0">
  <testcase name="forgotPassword" time="60.411" classname="com.heka.TestCases.ForgotPasswordTest"/>
</testsuite> <!-- com.heka.TestCases.ForgotPasswordTest -->
