<?xml version="1.0" encoding="UTF-8"?>
<!-- Generated by org.testng.reporters.JUnitReportReporter -->
<testsuite hostname="DESKTOP-M54PCD3" name="com.heka.TestCases.PatientDiagnosisMessage" tests="1" failures="0" timestamp="5 Aug 2019 09:22:24 GMT" time="39.320" errors="0">
  <testcase name="viewPatientOneWeekData" time="39.320" classname="com.heka.TestCases.PatientDiagnosisMessage"/>
</testsuite> <!-- com.heka.TestCases.PatientDiagnosisMessage -->
