<?xml version="1.0" encoding="UTF-8"?>
<!-- Generated by org.testng.reporters.JUnitReportReporter -->
<testsuite hostname="DESKTOP-M54PCD3" name="com.heka.TestCases.ViewPatientsDetails" tests="1" failures="0" timestamp="8 Jul 2019 13:16:22 GMT" time="41.696" errors="0">
  <testcase name="viewPatientOneWeekData" time="41.696" classname="com.heka.TestCases.ViewPatientsDetails"/>
</testsuite> <!-- com.heka.TestCases.ViewPatientsDetails -->
