<?xml version="1.0" encoding="UTF-8"?>
<!-- Generated by org.testng.reporters.JUnitReportReporter -->
<testsuite hostname="DESKTOP-M54PCD3" name="com.heka.TestCases.ViewPatientDetails_1Weekk" tests="1" failures="0" timestamp="5 Aug 2019 12:20:38 GMT" time="32.112" errors="0">
  <testcase name="viewPatientOneWeekData" time="32.112" classname="com.heka.TestCases.ViewPatientDetails_1Weekk"/>
</testsuite> <!-- com.heka.TestCases.ViewPatientDetails_1Weekk -->
