<?xml version="1.0" encoding="UTF-8"?>
<!-- Generated by org.testng.reporters.JUnitReportReporter -->
<testsuite hostname="DESKTOP-M54PCD3" name="com.heka.TestCases.TrackMyPatients_Instance_Message" tests="1" failures="0" timestamp="8 Jul 2019 10:08:10 GMT" time="47.766" errors="0">
  <testcase name="tabsNavigation" time="47.766" classname="com.heka.TestCases.TrackMyPatients_Instance_Message"/>
</testsuite> <!-- com.heka.TestCases.TrackMyPatients_Instance_Message -->
