<?xml version="1.0" encoding="UTF-8"?>
<!-- Generated by org.testng.reporters.JUnitReportReporter -->
<testsuite hostname="DESKTOP-M54PCD3" name="Dashboard_Tests.Resend_OTP_Test" tests="1" failures="0" timestamp="16 Sep 2019 11:03:13 GMT" time="132.159" errors="0">
  <testcase name="resend_OTP" time="132.159" classname="Dashboard_Tests.Resend_OTP_Test"/>
</testsuite> <!-- Dashboard_Tests.Resend_OTP_Test -->
