<?xml version="1.0" encoding="UTF-8"?>
<!-- Generated by org.testng.reporters.JUnitReportReporter -->
<testsuite hostname="DESKTOP-M54PCD3" name="com.heka.TestCases.Delete_Prescription_Test" tests="1" failures="0" timestamp="20 Aug 2019 07:49:46 GMT" time="88.324" errors="0">
  <testcase name="delete_prescription" time="88.324" classname="com.heka.TestCases.Delete_Prescription_Test"/>
</testsuite> <!-- com.heka.TestCases.Delete_Prescription_Test -->
