<?xml version="1.0" encoding="UTF-8"?>
<!-- Generated by org.testng.reporters.JUnitReportReporter -->
<testsuite hostname="DESKTOP-M54PCD3" name="com.heka.TestCases.LoginTest_Positive" tests="1" failures="0" timestamp="30 Jun 2019 15:11:27 GMT" time="20.821" errors="0">
  <testcase name="Login" time="20.821" classname="com.heka.TestCases.LoginTest_Positive"/>
</testsuite> <!-- com.heka.TestCases.LoginTest_Positive -->
