<?xml version="1.0" encoding="UTF-8"?>
<!-- Generated by org.testng.reporters.JUnitReportReporter -->
<testsuite hostname="DESKTOP-M54PCD3" name="com.heka.TestCases.Resend_OTP_Negative" tests="1" failures="0" timestamp="15 Jul 2019 19:34:16 GMT" time="58.622" errors="0">
  <testcase name="resend_OTP" time="58.622" classname="com.heka.TestCases.Resend_OTP_Negative"/>
</testsuite> <!-- com.heka.TestCases.Resend_OTP_Negative -->
