<?xml version="1.0" encoding="UTF-8"?>
<!-- Generated by org.testng.reporters.JUnitReportReporter -->
<testsuite hostname="DESKTOP-M54PCD3" name="com.heka.TestCases.EditApptScheduleTest" tests="1" failures="0" timestamp="4 Aug 2019 18:58:22 GMT" time="31.354" errors="0">
  <testcase name="editApptSchedule" time="31.354" classname="com.heka.TestCases.EditApptScheduleTest"/>
</testsuite> <!-- com.heka.TestCases.EditApptScheduleTest -->
