<?xml version="1.0" encoding="UTF-8"?>
<!-- Generated by org.testng.reporters.JUnitReportReporter -->
<testsuite hostname="DESKTOP-M54PCD3" name="Dashboard_Tests.Login_Test2" tests="1" failures="0" timestamp="11 Sep 2019 18:35:31 GMT" time="21.918" errors="0">
  <testcase name="login_With_Valid_Mobile_Number" time="21.918" classname="Dashboard_Tests.Login_Test2"/>
</testsuite> <!-- Dashboard_Tests.Login_Test2 -->
