<?xml version="1.0" encoding="UTF-8"?>
<!-- Generated by org.testng.reporters.JUnitReportReporter -->
<testsuite hostname="DESKTOP-M54PCD3" name="com.heka.TestCases.Login_Test" tests="1" failures="0" timestamp="4 Sep 2019 07:47:38 GMT" time="28.579" errors="0">
  <testcase name="login_With_Valid_Mobile_Number" time="28.579" classname="com.heka.TestCases.Login_Test"/>
</testsuite> <!-- com.heka.TestCases.Login_Test -->
