<?xml version="1.0" encoding="UTF-8"?>
<!-- Generated by org.testng.reporters.JUnitReportReporter -->
<testsuite hostname="DESKTOP-M54PCD3" name="com.heka.TestCases.Resend_OTP_Negative_Test" tests="1" failures="0" timestamp="5 Aug 2019 10:26:37 GMT" time="55.392" errors="0">
  <testcase name="resend_OTP" time="55.392" classname="com.heka.TestCases.Resend_OTP_Negative_Test"/>
</testsuite> <!-- com.heka.TestCases.Resend_OTP_Negative_Test -->
