<?xml version="1.0" encoding="UTF-8"?>
<!-- Generated by org.testng.reporters.JUnitReportReporter -->
<testsuite hostname="DESKTOP-M54PCD3" name="Dashboard_Tests.Signup_Negative_Test" tests="1" failures="0" timestamp="16 Sep 2019 11:14:15 GMT" time="32.587" errors="0">
  <testcase name="signUp_Negative" time="32.587" classname="Dashboard_Tests.Signup_Negative_Test"/>
</testsuite> <!-- Dashboard_Tests.Signup_Negative_Test -->
