<?xml version="1.0" encoding="UTF-8"?>
<!-- Generated by org.testng.reporters.JUnitReportReporter -->
<testsuite hostname="DESKTOP-M54PCD3" name="Dashboard_TestCases.Login_Negative_Test" tests="1" failures="0" timestamp="4 Sep 2019 07:49:16 GMT" time="46.047" errors="0">
  <testcase name="login_With_Invalid_Mobile_Number" time="46.047" classname="Dashboard_TestCases.Login_Negative_Test"/>
</testsuite> <!-- Dashboard_TestCases.Login_Negative_Test -->
