<?xml version="1.0" encoding="UTF-8"?>
<!-- Generated by org.testng.reporters.JUnitReportReporter -->
<testsuite hostname="DESKTOP-M54PCD3" name="Admin_Tests.Add_Users_To_Challenge_Test" tests="1" failures="0" timestamp="6 Sep 2019 16:05:10 GMT" time="71.058" errors="0">
  <testcase name="add_Users_To_Challenge" time="71.058" classname="Admin_Tests.Add_Users_To_Challenge_Test"/>
</testsuite> <!-- Admin_Tests.Add_Users_To_Challenge_Test -->
