<?xml version="1.0" encoding="UTF-8"?>
<!-- Generated by org.testng.reporters.JUnitReportReporter -->
<testsuite hostname="DESKTOP-M54PCD3" name="Admin_Tests.Admin_Stats_Test" tests="1" failures="0" timestamp="16 Sep 2019 07:28:54 GMT" time="138.956" errors="0">
  <testcase name="run_Stats" time="138.956" classname="Admin_Tests.Admin_Stats_Test"/>
</testsuite> <!-- Admin_Tests.Admin_Stats_Test -->
