<?xml version="1.0" encoding="UTF-8"?>
<!-- Generated by org.testng.reporters.JUnitReportReporter -->
<testsuite hostname="DESKTOP-M54PCD3" name="Dashboard_Tests.Login_With_Data_Driven_Test" tests="3" failures="0" timestamp="4 Sep 2019 10:24:51 GMT" time="34.784" errors="0">
  <testcase name="loginDataDriven" time="6.756" classname="Dashboard_Tests.Login_With_Data_Driven_Test"/>
  <testcase name="loginDataDriven" time="21.525" classname="Dashboard_Tests.Login_With_Data_Driven_Test"/>
  <testcase name="loginDataDriven" time="6.503" classname="Dashboard_Tests.Login_With_Data_Driven_Test"/>
</testsuite> <!-- Dashboard_Tests.Login_With_Data_Driven_Test -->
