<?xml version="1.0" encoding="UTF-8"?>
<!-- Generated by org.testng.reporters.JUnitReportReporter -->
<testsuite hostname="DESKTOP-M54PCD3" name="com.heka.TestCases.Signup_Negative_Test" tests="1" failures="0" timestamp="20 Aug 2019 08:50:47 GMT" time="31.360" errors="0">
  <testcase name="signUp_Negative" time="31.360" classname="com.heka.TestCases.Signup_Negative_Test"/>
</testsuite> <!-- com.heka.TestCases.Signup_Negative_Test -->
