<?xml version="1.0" encoding="UTF-8"?>
<!-- Generated by org.testng.reporters.JUnitReportReporter -->
<testsuite hostname="DESKTOP-M54PCD3" name="Admin_Tests.Add_Users_And_Run_Challenge_Test" tests="1" failures="0" timestamp="16 Sep 2019 07:28:54 GMT" time="101.749" errors="0">
  <testcase name="add_Users_And_Run_Challenge" time="101.749" classname="Admin_Tests.Add_Users_And_Run_Challenge_Test"/>
</testsuite> <!-- Admin_Tests.Add_Users_And_Run_Challenge_Test -->
