<?xml version="1.0" encoding="UTF-8"?>
<!-- Generated by org.testng.reporters.JUnitReportReporter -->
<testsuite hostname="DESKTOP-M54PCD3" name="Admin_Tests.View_Challenge_Points_Test" tests="1" failures="0" timestamp="16 Sep 2019 07:28:54 GMT" time="56.159" errors="0">
  <testcase name="view_Challenge_Points" time="56.159" classname="Admin_Tests.View_Challenge_Points_Test"/>
</testsuite> <!-- Admin_Tests.View_Challenge_Points_Test -->
