<?xml version="1.0" encoding="UTF-8"?>
<!-- Generated by org.testng.reporters.JUnitReportReporter -->
<testsuite hostname="DESKTOP-M54PCD3" name="com.heka.TestCases.SignupTest_Positive" tests="1" failures="0" timestamp="28 Jun 2019 13:38:54 GMT" time="34.696" errors="0">
  <testcase name="signUp_PositiveTest" time="34.696" classname="com.heka.TestCases.SignupTest_Positive"/>
</testsuite> <!-- com.heka.TestCases.SignupTest_Positive -->
