<?xml version="1.0" encoding="UTF-8"?>
<!-- Generated by org.testng.reporters.JUnitReportReporter -->
<testsuite hostname="DESKTOP-M54PCD3" name="Dashboard_Tests.Login_With_Multiple_Users_Data_Driven_Test" tests="1" failures="0" timestamp="16 Sep 2019 10:56:14 GMT" time="95.391" errors="0">
  <testcase name="login_With_Valid_Mobile_Number" time="95.391" classname="Dashboard_Tests.Login_With_Multiple_Users_Data_Driven_Test"/>
</testsuite> <!-- Dashboard_Tests.Login_With_Multiple_Users_Data_Driven_Test -->
