<?xml version="1.0" encoding="UTF-8"?>
<!-- Generated by org.testng.reporters.JUnitReportReporter -->
<testsuite hostname="DESKTOP-M54PCD3" name="com.heka.TestCases.TabsNavigationTest" tests="1" failures="0" timestamp="5 Aug 2019 11:47:54 GMT" time="47.088" errors="0">
  <testcase name="tabsNavigation" time="47.088" classname="com.heka.TestCases.TabsNavigationTest"/>
</testsuite> <!-- com.heka.TestCases.TabsNavigationTest -->
